[debug] [2022-03-26T17:53:33.168Z] ----------------------------------------------------------------------
[debug] [2022-03-26T17:53:33.171Z] Command:       C:\Program Files\nodejs\node.exe C:\Users\Juan Camilo Cardona\AppData\Roaming\npm\node_modules\firebase-tools\lib\bin\firebase.js deploy
[debug] [2022-03-26T17:53:33.171Z] CLI Version:   10.0.1
[debug] [2022-03-26T17:53:33.171Z] Platform:      win32
[debug] [2022-03-26T17:53:33.171Z] Node Version:  v14.18.1
[debug] [2022-03-26T17:53:33.172Z] Time:          Sat Mar 26 2022 12:53:33 GMT-0500 (Colombia Standard Time)
[debug] [2022-03-26T17:53:33.172Z] ----------------------------------------------------------------------
[debug] 
[debug] [2022-03-26T17:53:33.175Z] >>> [apiv2][query] GET https://firebase-public.firebaseio.com/cli.json [none]
[debug] [2022-03-26T17:53:33.244Z] > command requires scopes: ["email","openid","https://www.googleapis.com/auth/cloudplatformprojects.readonly","https://www.googleapis.com/auth/firebase","https://www.googleapis.com/auth/cloud-platform"]
[debug] [2022-03-26T17:53:33.244Z] > authorizing via signed-in user (gestion.proyectos.inv.udea@gmail.com)
[debug] [2022-03-26T17:53:33.244Z] [iam] checking project tse-memories for permissions ["firebase.projects.get","firebasehosting.sites.update"]
[debug] [2022-03-26T17:53:33.245Z] > refreshing access token with scopes: ["email","https://www.googleapis.com/auth/cloud-platform","https://www.googleapis.com/auth/cloudplatformprojects.readonly","https://www.googleapis.com/auth/firebase","openid"]
[debug] [2022-03-26T17:53:33.246Z] >>> HTTP REQUEST POST https://www.googleapis.com/oauth2/v3/token  
 <request body omitted>
[debug] [2022-03-26T17:53:33.535Z] <<< HTTP RESPONSE 200 {"cache-control":"no-cache, no-store, max-age=0, must-revalidate","pragma":"no-cache","date":"Sat, 26 Mar 2022 17:53:33 GMT","expires":"Mon, 01 Jan 1990 00:00:00 GMT","content-type":"application/json; charset=utf-8","vary":"X-Origin, Referer, Origin,Accept-Encoding","server":"scaffolding on HTTPServer2","x-xss-protection":"0","x-frame-options":"SAMEORIGIN","x-content-type-options":"nosniff","alt-svc":"h3=\":443\"; ma=2592000,h3-29=\":443\"; ma=2592000,h3-Q050=\":443\"; ma=2592000,h3-Q046=\":443\"; ma=2592000,h3-Q043=\":443\"; ma=2592000,quic=\":443\"; ma=2592000; v=\"46,43\"","accept-ranges":"none","transfer-encoding":"chunked"}
[debug] [2022-03-26T17:53:33.561Z] >>> HTTP REQUEST POST https://cloudresourcemanager.googleapis.com/v1/projects/tse-memories:testIamPermissions  
 {"permissions":["firebase.projects.get","firebasehosting.sites.update"]}
[debug] [2022-03-26T17:53:33.657Z] <<< [apiv2][status] GET https://firebase-public.firebaseio.com/cli.json 200
[debug] [2022-03-26T17:53:33.657Z] <<< [apiv2][body] GET https://firebase-public.firebaseio.com/cli.json {"cloudBuildErrorAfter":1594252800000,"cloudBuildWarnAfter":1590019200000,"defaultNode10After":1594252800000,"minVersion":"3.0.5","node8DeploysDisabledAfter":1613390400000,"node8RuntimeDisabledAfter":1615809600000,"node8WarnAfter":1600128000000}
[debug] [2022-03-26T17:53:34.264Z] <<< HTTP RESPONSE 200 {"content-type":"application/json; charset=UTF-8","vary":"X-Origin, Referer, Origin,Accept-Encoding","date":"Sat, 26 Mar 2022 17:53:33 GMT","server":"ESF","cache-control":"private","x-xss-protection":"0","x-frame-options":"SAMEORIGIN","x-content-type-options":"nosniff","server-timing":"gfet4t7; dur=454","alt-svc":"h3=\":443\"; ma=2592000,h3-29=\":443\"; ma=2592000,h3-Q050=\":443\"; ma=2592000,h3-Q046=\":443\"; ma=2592000,h3-Q043=\":443\"; ma=2592000,quic=\":443\"; ma=2592000; v=\"46,43\"","accept-ranges":"none","transfer-encoding":"chunked"}
[debug] [2022-03-26T17:53:34.265Z] [iam] error while checking permissions, command may fail: FirebaseError: Authorization failed. This account is missing the following required permissions on project tse-memories:

  firebase.projects.get
  firebasehosting.sites.update
[debug] [2022-03-26T17:53:34.265Z] > refreshing access token with scopes: []
[debug] [2022-03-26T17:53:34.265Z] >>> HTTP REQUEST POST https://www.googleapis.com/oauth2/v3/token  
 <request body omitted>
[debug] [2022-03-26T17:53:34.466Z] <<< HTTP RESPONSE 200 {"cache-control":"no-cache, no-store, max-age=0, must-revalidate","pragma":"no-cache","date":"Sat, 26 Mar 2022 17:53:34 GMT","expires":"Mon, 01 Jan 1990 00:00:00 GMT","content-type":"application/json; charset=utf-8","vary":"X-Origin, Referer, Origin,Accept-Encoding","server":"scaffolding on HTTPServer2","x-xss-protection":"0","x-frame-options":"SAMEORIGIN","x-content-type-options":"nosniff","alt-svc":"h3=\":443\"; ma=2592000,h3-29=\":443\"; ma=2592000,h3-Q050=\":443\"; ma=2592000,h3-Q046=\":443\"; ma=2592000,h3-Q043=\":443\"; ma=2592000,quic=\":443\"; ma=2592000; v=\"46,43\"","accept-ranges":"none","transfer-encoding":"chunked"}
[debug] [2022-03-26T17:53:34.483Z] >>> [apiv2][query] GET https://firebase.googleapis.com/v1beta1/projects/tse-memories [none]
[debug] [2022-03-26T17:53:34.983Z] <<< [apiv2][status] GET https://firebase.googleapis.com/v1beta1/projects/tse-memories 403
[debug] [2022-03-26T17:53:34.983Z] <<< [apiv2][body] GET https://firebase.googleapis.com/v1beta1/projects/tse-memories {"error":{"code":403,"message":"The caller does not have permission","status":"PERMISSION_DENIED"}}
[debug] [2022-03-26T17:53:34.984Z] HTTP Error: 403, The caller does not have permission
[debug] [2022-03-26T17:53:34.987Z] FirebaseError: HTTP Error: 403, The caller does not have permission
    at module.exports (C:\Users\Juan Camilo Cardona\AppData\Roaming\npm\node_modules\firebase-tools\lib\responseToError.js:38:12)
    at Client.doRequest (C:\Users\Juan Camilo Cardona\AppData\Roaming\npm\node_modules\firebase-tools\lib\apiv2.js:241:23)
    at processTicksAndRejections (internal/process/task_queues.js:95:5)
    at async Client.request (C:\Users\Juan Camilo Cardona\AppData\Roaming\npm\node_modules\firebase-tools\lib\apiv2.js:96:20)
    at async Object.getFirebaseProject (C:\Users\Juan Camilo Cardona\AppData\Roaming\npm\node_modules\firebase-tools\lib\management\projects.js:290:21)
    at async Object.getDefaultHostingSite (C:\Users\Juan Camilo Cardona\AppData\Roaming\npm\node_modules\firebase-tools\lib\getDefaultHostingSite.js:8:21)
    at async requireHostingSite (C:\Users\Juan Camilo Cardona\AppData\Roaming\npm\node_modules\firebase-tools\lib\requireHostingSite.js:9:18)
    at async Object.fn (C:\Users\Juan Camilo Cardona\AppData\Roaming\npm\node_modules\firebase-tools\lib\commands\deploy.js:73:9)
    at async C:\Users\Juan Camilo Cardona\AppData\Roaming\npm\node_modules\firebase-tools\lib\command.js:188:17
[error] 
[error] Error: Failed to get Firebase project tse-memories. Please make sure the project exists and your account has permission to access it.
[debug] [2022-03-26T17:54:22.141Z] ----------------------------------------------------------------------
[debug] [2022-03-26T17:54:22.143Z] Command:       C:\Program Files\nodejs\node.exe C:\Users\Juan Camilo Cardona\AppData\Roaming\npm\node_modules\firebase-tools\lib\bin\firebase.js deploy
[debug] [2022-03-26T17:54:22.143Z] CLI Version:   10.0.1
[debug] [2022-03-26T17:54:22.144Z] Platform:      win32
[debug] [2022-03-26T17:54:22.144Z] Node Version:  v14.18.1
[debug] [2022-03-26T17:54:22.144Z] Time:          Sat Mar 26 2022 12:54:22 GMT-0500 (Colombia Standard Time)
[debug] [2022-03-26T17:54:22.145Z] ----------------------------------------------------------------------
[debug] 
[debug] [2022-03-26T17:54:22.213Z] > command requires scopes: ["email","openid","https://www.googleapis.com/auth/cloudplatformprojects.readonly","https://www.googleapis.com/auth/firebase","https://www.googleapis.com/auth/cloud-platform"]
[debug] [2022-03-26T17:54:22.213Z] > authorizing via signed-in user (gestion.proyectos.inv.udea@gmail.com)
[debug] [2022-03-26T17:54:22.214Z] [iam] checking project tse-memories for permissions ["firebase.projects.get","firebasehosting.sites.update"]
[debug] [2022-03-26T17:54:22.216Z] > refreshing access token with scopes: ["email","https://www.googleapis.com/auth/cloud-platform","https://www.googleapis.com/auth/cloudplatformprojects.readonly","https://www.googleapis.com/auth/firebase","openid"]
[debug] [2022-03-26T17:54:22.216Z] >>> HTTP REQUEST POST https://www.googleapis.com/oauth2/v3/token  
 <request body omitted>
[debug] [2022-03-26T17:54:22.437Z] <<< HTTP RESPONSE 200 {"date":"Sat, 26 Mar 2022 17:54:22 GMT","pragma":"no-cache","cache-control":"no-cache, no-store, max-age=0, must-revalidate","expires":"Mon, 01 Jan 1990 00:00:00 GMT","content-type":"application/json; charset=utf-8","vary":"X-Origin, Referer, Origin,Accept-Encoding","server":"scaffolding on HTTPServer2","x-xss-protection":"0","x-frame-options":"SAMEORIGIN","x-content-type-options":"nosniff","alt-svc":"h3=\":443\"; ma=2592000,h3-29=\":443\"; ma=2592000,h3-Q050=\":443\"; ma=2592000,h3-Q046=\":443\"; ma=2592000,h3-Q043=\":443\"; ma=2592000,quic=\":443\"; ma=2592000; v=\"46,43\"","accept-ranges":"none","transfer-encoding":"chunked"}
[debug] [2022-03-26T17:54:22.446Z] >>> HTTP REQUEST POST https://cloudresourcemanager.googleapis.com/v1/projects/tse-memories:testIamPermissions  
 {"permissions":["firebase.projects.get","firebasehosting.sites.update"]}
[debug] [2022-03-26T17:54:23.063Z] <<< HTTP RESPONSE 200 {"content-type":"application/json; charset=UTF-8","vary":"X-Origin, Referer, Origin,Accept-Encoding","date":"Sat, 26 Mar 2022 17:54:22 GMT","server":"ESF","cache-control":"private","x-xss-protection":"0","x-frame-options":"SAMEORIGIN","x-content-type-options":"nosniff","server-timing":"gfet4t7; dur=463","alt-svc":"h3=\":443\"; ma=2592000,h3-29=\":443\"; ma=2592000,h3-Q050=\":443\"; ma=2592000,h3-Q046=\":443\"; ma=2592000,h3-Q043=\":443\"; ma=2592000,quic=\":443\"; ma=2592000; v=\"46,43\"","accept-ranges":"none","transfer-encoding":"chunked"}
[debug] [2022-03-26T17:54:23.064Z] [iam] error while checking permissions, command may fail: FirebaseError: Authorization failed. This account is missing the following required permissions on project tse-memories:

  firebase.projects.get
  firebasehosting.sites.update
[debug] [2022-03-26T17:54:23.065Z] > refreshing access token with scopes: []
[debug] [2022-03-26T17:54:23.065Z] >>> HTTP REQUEST POST https://www.googleapis.com/oauth2/v3/token  
 <request body omitted>
[debug] [2022-03-26T17:54:23.268Z] <<< HTTP RESPONSE 200 {"expires":"Mon, 01 Jan 1990 00:00:00 GMT","cache-control":"no-cache, no-store, max-age=0, must-revalidate","date":"Sat, 26 Mar 2022 17:54:22 GMT","pragma":"no-cache","content-type":"application/json; charset=utf-8","vary":"X-Origin, Referer, Origin,Accept-Encoding","server":"scaffolding on HTTPServer2","x-xss-protection":"0","x-frame-options":"SAMEORIGIN","x-content-type-options":"nosniff","alt-svc":"h3=\":443\"; ma=2592000,h3-29=\":443\"; ma=2592000,h3-Q050=\":443\"; ma=2592000,h3-Q046=\":443\"; ma=2592000,h3-Q043=\":443\"; ma=2592000,quic=\":443\"; ma=2592000; v=\"46,43\"","accept-ranges":"none","transfer-encoding":"chunked"}
[debug] [2022-03-26T17:54:23.277Z] >>> [apiv2][query] GET https://firebase.googleapis.com/v1beta1/projects/tse-memories [none]
[debug] [2022-03-26T17:54:23.684Z] <<< [apiv2][status] GET https://firebase.googleapis.com/v1beta1/projects/tse-memories 403
[debug] [2022-03-26T17:54:23.684Z] <<< [apiv2][body] GET https://firebase.googleapis.com/v1beta1/projects/tse-memories {"error":{"code":403,"message":"The caller does not have permission","status":"PERMISSION_DENIED"}}
[debug] [2022-03-26T17:54:23.684Z] HTTP Error: 403, The caller does not have permission
[debug] [2022-03-26T17:54:23.685Z] FirebaseError: HTTP Error: 403, The caller does not have permission
    at module.exports (C:\Users\Juan Camilo Cardona\AppData\Roaming\npm\node_modules\firebase-tools\lib\responseToError.js:38:12)
    at Client.doRequest (C:\Users\Juan Camilo Cardona\AppData\Roaming\npm\node_modules\firebase-tools\lib\apiv2.js:241:23)
    at processTicksAndRejections (internal/process/task_queues.js:95:5)
    at async Client.request (C:\Users\Juan Camilo Cardona\AppData\Roaming\npm\node_modules\firebase-tools\lib\apiv2.js:96:20)
    at async Object.getFirebaseProject (C:\Users\Juan Camilo Cardona\AppData\Roaming\npm\node_modules\firebase-tools\lib\management\projects.js:290:21)
    at async Object.getDefaultHostingSite (C:\Users\Juan Camilo Cardona\AppData\Roaming\npm\node_modules\firebase-tools\lib\getDefaultHostingSite.js:8:21)
    at async requireHostingSite (C:\Users\Juan Camilo Cardona\AppData\Roaming\npm\node_modules\firebase-tools\lib\requireHostingSite.js:9:18)
    at async Object.fn (C:\Users\Juan Camilo Cardona\AppData\Roaming\npm\node_modules\firebase-tools\lib\commands\deploy.js:73:9)
    at async C:\Users\Juan Camilo Cardona\AppData\Roaming\npm\node_modules\firebase-tools\lib\command.js:188:17
[error] 
[error] Error: Failed to get Firebase project tse-memories. Please make sure the project exists and your account has permission to access it.
